[15:47:54] [Server thread/INFO]: Starting minecraft server version 1.7.10
[15:48:00] [Server thread/INFO]: Loading properties
[15:48:00] [Server thread/INFO]: Default game type: SURVIVAL
[15:48:00] [Server thread/INFO]: Generating keypair
[15:48:00] [Server thread/INFO]: Starting Minecraft server on *:25565
[15:48:00] [Server thread/WARN]: **** SERVER IS RUNNING IN OFFLINE/INSECURE MODE!
[15:48:00] [Server thread/WARN]: The server will make no attempt to authenticate usernames. Beware.
[15:48:00] [Server thread/WARN]: While this makes the game possible to play without internet access, it also opens up the ability for hackers to connect with any username they choose.
[15:48:00] [Server thread/WARN]: To change this, set "online-mode" to "true" in the server.properties file.
[15:48:01] [Server thread/INFO]: Preparing level "world"
[15:48:01] [Server thread/INFO]: Preparing start region for level 0
[15:48:02] [Server thread/INFO]: Done (1,012s)! For help, type "help" or "?"
[15:48:33] [Server thread/INFO]: Loyto[/127.0.0.1:1237] logged in with entity id 420 at (18.054906970495622, 123.6710950134191, 315.67163841152615)
[15:48:33] [Server thread/INFO]: Loyto joined the game
[15:49:26] [Server thread/INFO]: Loyto lost connection: TranslatableComponent{key='disconnect.genericReason', args=[Internal Exception: java.io.IOException: Une connexion existante a dû être fermée par l’hôte distant], siblings=[], style=Style{hasParent=false, color=null, bold=null, italic=null, underlined=null, obfuscated=null, clickEvent=null, hoverEvent=null}}
[15:49:26] [Server thread/INFO]: Loyto left the game
[15:52:15] [Server thread/INFO]: Loyto[/127.0.0.1:1435] logged in with entity id 3045 at (14.50663342845547, 146.16164717341906, 315.260233528148)
[15:52:15] [Server thread/INFO]: Loyto joined the game
[15:52:15] [Server thread/INFO]: [@: Changing to clear weather]
[15:52:27] [Server thread/INFO]: Loyto lost connection: TranslatableComponent{key='disconnect.genericReason', args=[Internal Exception: java.io.IOException: Une connexion existante a dû être fermée par l’hôte distant], siblings=[], style=Style{hasParent=false, color=null, bold=null, italic=null, underlined=null, obfuscated=null, clickEvent=null, hoverEvent=null}}
[15:52:27] [Server thread/INFO]: Loyto left the game
[15:58:20] [Server thread/INFO]: Loyto[/127.0.0.1:1623] logged in with entity id 3525 at (14.50663342845547, 146.16164717341906, 315.260233528148)
[15:58:20] [Server thread/INFO]: Loyto joined the game
[15:59:02] [Server thread/INFO]: Loyto lost connection: TranslatableComponent{key='disconnect.genericReason', args=[Internal Exception: java.io.IOException: Une connexion existante a dû être fermée par l’hôte distant], siblings=[], style=Style{hasParent=false, color=null, bold=null, italic=null, underlined=null, obfuscated=null, clickEvent=null, hoverEvent=null}}
[15:59:02] [Server thread/INFO]: Loyto left the game
[16:00:01] [Server thread/INFO]: Loyto[/127.0.0.1:1770] logged in with entity id 12037 at (171.36811247626193, 146.16164717341906, 320.5814768946339)
[16:00:01] [Server thread/INFO]: Loyto joined the game
[16:15:35] [Server thread/INFO]: Loyto lost connection: TranslatableComponent{key='disconnect.genericReason', args=[Internal Exception: java.io.IOException: Une connexion existante a dû être fermée par l’hôte distant], siblings=[], style=Style{hasParent=false, color=null, bold=null, italic=null, underlined=null, obfuscated=null, clickEvent=null, hoverEvent=null}}
[16:15:35] [Server thread/INFO]: Loyto left the game
[16:20:50] [Server thread/INFO]: Loyto[/127.0.0.1:2004] logged in with entity id 47342 at (132.04333234862295, 146.16164717341906, 306.26716706132106)
[16:20:50] [Server thread/INFO]: Loyto joined the game
[16:21:13] [Server thread/INFO]: Loyto lost connection: TranslatableComponent{key='disconnect.genericReason', args=[Internal Exception: java.io.IOException: Une connexion existante a dû être fermée par l’hôte distant], siblings=[], style=Style{hasParent=false, color=null, bold=null, italic=null, underlined=null, obfuscated=null, clickEvent=null, hoverEvent=null}}
[16:21:13] [Server thread/INFO]: Loyto left the game
[16:28:36] [Server thread/INFO]: Loyto[/127.0.0.1:2282] logged in with entity id 48487 at (132.04333234862295, 146.16164717341906, 306.26716706132106)
[16:28:36] [Server thread/INFO]: Loyto joined the game
[16:28:47] [Server thread/INFO]: Loyto lost connection: TranslatableComponent{key='disconnect.genericReason', args=[Internal Exception: java.io.IOException: Une connexion existante a dû être fermée par l’hôte distant], siblings=[], style=Style{hasParent=false, color=null, bold=null, italic=null, underlined=null, obfuscated=null, clickEvent=null, hoverEvent=null}}
[16:28:47] [Server thread/INFO]: Loyto left the game
[16:40:13] [Server thread/INFO]: Loyto[/127.0.0.1:25069] logged in with entity id 48982 at (125.31504000771686, 146.16164717341906, 320.79785808431234)
[16:40:13] [Server thread/INFO]: Loyto joined the game
[16:40:22] [Server thread/INFO]: Loyto lost connection: TranslatableComponent{key='disconnect.genericReason', args=[Internal Exception: java.io.IOException: Une connexion existante a dû être fermée par l’hôte distant], siblings=[], style=Style{hasParent=false, color=null, bold=null, italic=null, underlined=null, obfuscated=null, clickEvent=null, hoverEvent=null}}
[16:40:22] [Server thread/INFO]: Loyto left the game
[16:43:25] [Server thread/INFO]: Loyto[/127.0.0.1:1212] logged in with entity id 50124 at (125.31504000771686, 146.16164717341906, 320.79785808431234)
[16:43:25] [Server thread/INFO]: Loyto joined the game
[16:43:26] [Server thread/INFO]: Loyto lost connection: TextComponent{text='Illegal characters in chat', siblings=[], style=Style{hasParent=false, color=null, bold=null, italic=null, underlined=null, obfuscated=null, clickEvent=null, hoverEvent=null}}
[16:43:26] [Server thread/INFO]: Loyto left the game
[16:48:55] [Server thread/INFO]: Loyto[/127.0.0.1:1427] logged in with entity id 50628 at (125.31504000771686, 146.16164717341906, 320.79785808431234)
[16:48:55] [Server thread/INFO]: Loyto joined the game
[16:49:06] [Server thread/INFO]: Loyto lost connection: TranslatableComponent{key='disconnect.genericReason', args=[Internal Exception: java.io.IOException: Une connexion existante a dû être fermée par l’hôte distant], siblings=[], style=Style{hasParent=false, color=null, bold=null, italic=null, underlined=null, obfuscated=null, clickEvent=null, hoverEvent=null}}
[16:49:06] [Server thread/INFO]: Loyto left the game
